C51 COMPILER V9.59.0.0   CODE                                                              03/28/2022 18:51:16 PAGE 1   


C51 COMPILER V9.59.0.0, COMPILATION OF MODULE CODE
OBJECT MODULE PLACED IN .\Objects\CODE.obj
COMPILER INVOKED BY: C:\Keil_v5\C51\BIN\C51.EXE CODE.C OPTIMIZE(8,SPEED) BROWSE DEBUG OBJECTEXTEND PRINT(.\Listings\CODE
                    -.lst) TABS(2) OBJECT(.\Objects\CODE.obj)

line level    source

   1          #include <reg51.h>
   2          
   3          void DELAY_ms(unsigned int ms_Count)
   4          {
   5   1          unsigned int i,j;
   6   1          for(i=0;i<ms_Count;i++)
   7   1          {
   8   2              for(j=0;j<100;j++);
   9   2          }
  10   1      }
  11          
  12          int main() {
  13   1          char seg_code[]={0xc0,0xf9,0xa4,0xb0,0x99,0x92,0x82,0xf8,0x80,0x90};
  14   1          int i;
  15   1      P3=0x00;
  16   1          while (1) 
  17   1          {
  18   2              for (i = 0; i <= 9; i++) // loop to display 0-9
  19   2              {
  20   3                  P3 = seg_code[i]; 
  21   3                  DELAY_ms(1000);
  22   3              }
  23   2          }
  24   1      }


MODULE INFORMATION:   STATIC OVERLAYABLE
   CODE SIZE        =     84    ----
   CONSTANT SIZE    =     10    ----
   XDATA SIZE       =   ----    ----
   PDATA SIZE       =   ----    ----
   DATA SIZE        =   ----      10
   IDATA SIZE       =   ----    ----
   BIT SIZE         =   ----    ----
END OF MODULE INFORMATION.


C51 COMPILATION COMPLETE.  0 WARNING(S),  0 ERROR(S)
